2024-08-08 20:11:01 Information - CPU: 14.1% | Mem: 9.3691% | Disk: 16% | Net: RX 0KB/s, TX 0KB/s
----------------------------------------------------
2024-08-08 20:12:02 Information - CPU: 0.7% | Mem: 9.40688% | Disk: 16% | Net: RX 0KB/s, TX 0KB/s
----------------------------------------------------
2024-08-08 20:15:01 Warning: CPU usage is above normal threshold at 83.2%
----------------------------------------------------
2024-08-08 20:15:09 Information - CPU: 83.2% | Mem: 13.827% | Disk: 16% | Net: RX 0KB/s, TX 0KB/s
----------------------------------------------------
2024-08-08 20:18:02 Information - CPU: 41.7% | Mem: 13.7892% | Disk: 16% | Net: RX 0KB/s, TX 0KB/s
----------------------------------------------------
Backup starting at: 2024-08-08 20:19:02 on Thursday
Backup ended at: 2024-08-08 20:19:02 on Thursday
2024-08-08 20:19:02, 2024-08-08 20:19:02, Thursday - Backup successful.
----------------------------------------------------
2024-08-08 20:21:02 Information - CPU: 1.5% | Mem: 13.3642% | Disk: 16% | Net: RX 0KB/s, TX 0KB/s
----------------------------------------------------
2024-08-08 20:24:02 Information - CPU: 0.7% | Mem: 9.72799% | Disk: 16% | Net: RX 0KB/s, TX 0KB/s
----------------------------------------------------
2024-08-08 20:27:02 Information - CPU: 76.1% | Mem: 11.0408% | Disk: 16% | Net: RX 27KB/s, TX 9KB/s
----------------------------------------------------
2024-08-08 20:30:03 Information - CPU: 9.9% | Mem: 11.8058% | Disk: 16% | Net: RX 0KB/s, TX 0KB/s
----------------------------------------------------
2024-08-08 20:33:02 Information - CPU: 7% | Mem: 11.8908% | Disk: 16% | Net: RX 5KB/s, TX 4KB/s
----------------------------------------------------
2024-08-08 20:36:03 Information - CPU: 12.3% | Mem: 11.6453% | Disk: 16% | Net: RX 5KB/s, TX 1KB/s
----------------------------------------------------
2024-08-08 20:39:02 Information - CPU: 1.4% | Mem: 11.5414% | Disk: 16% | Net: RX 0KB/s, TX 0KB/s
----------------------------------------------------
2024-08-08 20:42:03 Information - CPU: 48.4% | Mem: 11.5886% | Disk: 16% | Net: RX 0KB/s, TX 0KB/s
----------------------------------------------------
